<?xml version="1.0" encoding="UTF-8"?>
<!-- Generated by org.testng.reporters.JUnitReportReporter -->
<testsuite hostname="LAPTOP-J9NP8KBK" failures="0" tests="1" name="APIAutoamtion.APITest.FirstAPI" time="3.532" errors="0" timestamp="2022-04-25T19:21:10 SGT" skipped="0">
  <testcase classname="APIAutoamtion.APITest.FirstAPI" name="TestAPI" time="3.532"/>
  <system-out/>
</testsuite> <!-- APIAutoamtion.APITest.FirstAPI -->
